2017-10-28 23:44:27,192 INFO [org.springframework.test.context.support.DefaultTestContextBootstrapper] - Loaded default TestExecutionListener class names from location [META-INF/spring.factories]: [org.springframework.test.context.web.ServletTestExecutionListener, org.springframework.test.context.support.DirtiesContextBeforeModesTestExecutionListener, org.springframework.test.context.support.DependencyInjectionTestExecutionListener, org.springframework.test.context.support.DirtiesContextTestExecutionListener, org.springframework.test.context.transaction.TransactionalTestExecutionListener, org.springframework.test.context.jdbc.SqlScriptsTestExecutionListener]
2017-10-28 23:44:27,212 INFO [org.springframework.test.context.support.DefaultTestContextBootstrapper] - Could not instantiate TestExecutionListener [org.springframework.test.context.web.ServletTestExecutionListener]. Specify custom listener classes or make the default listener classes (and their required dependencies) available. Offending class: [javax/servlet/ServletContext]
2017-10-28 23:44:27,233 INFO [org.springframework.test.context.support.DefaultTestContextBootstrapper] - Using TestExecutionListeners: [org.springframework.test.context.support.DirtiesContextBeforeModesTestExecutionListener@3532ec19, org.springframework.test.context.support.DependencyInjectionTestExecutionListener@68c4039c, org.springframework.test.context.support.DirtiesContextTestExecutionListener@ae45eb6, org.springframework.test.context.transaction.TransactionalTestExecutionListener@59f99ea, org.springframework.test.context.jdbc.SqlScriptsTestExecutionListener@27efef64]
2017-10-28 23:44:27,752 INFO [org.springframework.beans.factory.xml.XmlBeanDefinitionReader] - Loading XML bean definitions from file [E:\shiro-eclipse\mldnshiro\mldnshiro-ssm-service-member\target\classes\spring\spring-base.xml]
2017-10-28 23:44:28,490 INFO [org.springframework.beans.factory.xml.XmlBeanDefinitionReader] - Loading XML bean definitions from file [E:\shiro-eclipse\mldnshiro\mldnshiro-ssm-service-member\target\classes\spring\spring-datasource.xml]
2017-10-28 23:44:28,654 INFO [org.springframework.beans.factory.xml.XmlBeanDefinitionReader] - Loading XML bean definitions from file [E:\shiro-eclipse\mldnshiro\mldnshiro-ssm-service-member\target\classes\spring\spring-mybatis.xml]
2017-10-28 23:44:28,702 INFO [org.springframework.beans.factory.xml.XmlBeanDefinitionReader] - Loading XML bean definitions from file [E:\shiro-eclipse\mldnshiro\mldnshiro-ssm-service-member\target\classes\spring\spring-transaction.xml]
2017-10-28 23:44:28,862 INFO [org.springframework.context.support.GenericApplicationContext] - Refreshing org.springframework.context.support.GenericApplicationContext@3c0f93f1: startup date [Sat Oct 28 23:44:28 CST 2017]; root of context hierarchy
2017-10-28 23:44:30,975 INFO [com.alibaba.druid.pool.DruidDataSource] - {dataSource-1} inited
2017-10-28 23:44:32,816 INFO [org.springframework.context.support.GenericApplicationContext] - Closing org.springframework.context.support.GenericApplicationContext@3c0f93f1: startup date [Sat Oct 28 23:44:28 CST 2017]; root of context hierarchy
2017-10-28 23:44:32,849 INFO [com.alibaba.druid.pool.DruidDataSource] - {dataSource-1} closed
2017-10-28 23:47:04,654 INFO [org.springframework.test.context.support.DefaultTestContextBootstrapper] - Loaded default TestExecutionListener class names from location [META-INF/spring.factories]: [org.springframework.test.context.web.ServletTestExecutionListener, org.springframework.test.context.support.DirtiesContextBeforeModesTestExecutionListener, org.springframework.test.context.support.DependencyInjectionTestExecutionListener, org.springframework.test.context.support.DirtiesContextTestExecutionListener, org.springframework.test.context.transaction.TransactionalTestExecutionListener, org.springframework.test.context.jdbc.SqlScriptsTestExecutionListener]
2017-10-28 23:47:04,674 INFO [org.springframework.test.context.support.DefaultTestContextBootstrapper] - Could not instantiate TestExecutionListener [org.springframework.test.context.web.ServletTestExecutionListener]. Specify custom listener classes or make the default listener classes (and their required dependencies) available. Offending class: [javax/servlet/ServletContext]
2017-10-28 23:47:04,692 INFO [org.springframework.test.context.support.DefaultTestContextBootstrapper] - Using TestExecutionListeners: [org.springframework.test.context.support.DirtiesContextBeforeModesTestExecutionListener@3532ec19, org.springframework.test.context.support.DependencyInjectionTestExecutionListener@68c4039c, org.springframework.test.context.support.DirtiesContextTestExecutionListener@ae45eb6, org.springframework.test.context.transaction.TransactionalTestExecutionListener@59f99ea, org.springframework.test.context.jdbc.SqlScriptsTestExecutionListener@27efef64]
2017-10-28 23:47:05,036 INFO [org.springframework.beans.factory.xml.XmlBeanDefinitionReader] - Loading XML bean definitions from file [E:\shiro-eclipse\mldnshiro\mldnshiro-ssm-service-member\target\classes\spring\spring-base.xml]
2017-10-28 23:47:05,633 INFO [org.springframework.beans.factory.xml.XmlBeanDefinitionReader] - Loading XML bean definitions from file [E:\shiro-eclipse\mldnshiro\mldnshiro-ssm-service-member\target\classes\spring\spring-datasource.xml]
2017-10-28 23:47:05,729 INFO [org.springframework.beans.factory.xml.XmlBeanDefinitionReader] - Loading XML bean definitions from file [E:\shiro-eclipse\mldnshiro\mldnshiro-ssm-service-member\target\classes\spring\spring-mybatis.xml]
2017-10-28 23:47:05,755 INFO [org.springframework.beans.factory.xml.XmlBeanDefinitionReader] - Loading XML bean definitions from file [E:\shiro-eclipse\mldnshiro\mldnshiro-ssm-service-member\target\classes\spring\spring-transaction.xml]
2017-10-28 23:47:05,860 INFO [org.springframework.context.support.GenericApplicationContext] - Refreshing org.springframework.context.support.GenericApplicationContext@3c0f93f1: startup date [Sat Oct 28 23:47:05 CST 2017]; root of context hierarchy
2017-10-28 23:47:08,288 INFO [com.alibaba.druid.pool.DruidDataSource] - {dataSource-1} inited
2017-10-28 23:47:09,861 INFO [org.springframework.context.support.GenericApplicationContext] - Closing org.springframework.context.support.GenericApplicationContext@3c0f93f1: startup date [Sat Oct 28 23:47:05 CST 2017]; root of context hierarchy
2017-10-28 23:47:09,896 INFO [com.alibaba.druid.pool.DruidDataSource] - {dataSource-1} closed
2017-10-28 23:49:38,234 INFO [org.springframework.test.context.support.DefaultTestContextBootstrapper] - Loaded default TestExecutionListener class names from location [META-INF/spring.factories]: [org.springframework.test.context.web.ServletTestExecutionListener, org.springframework.test.context.support.DirtiesContextBeforeModesTestExecutionListener, org.springframework.test.context.support.DependencyInjectionTestExecutionListener, org.springframework.test.context.support.DirtiesContextTestExecutionListener, org.springframework.test.context.transaction.TransactionalTestExecutionListener, org.springframework.test.context.jdbc.SqlScriptsTestExecutionListener]
2017-10-28 23:49:38,253 INFO [org.springframework.test.context.support.DefaultTestContextBootstrapper] - Could not instantiate TestExecutionListener [org.springframework.test.context.web.ServletTestExecutionListener]. Specify custom listener classes or make the default listener classes (and their required dependencies) available. Offending class: [javax/servlet/ServletContext]
2017-10-28 23:49:38,276 INFO [org.springframework.test.context.support.DefaultTestContextBootstrapper] - Using TestExecutionListeners: [org.springframework.test.context.support.DirtiesContextBeforeModesTestExecutionListener@3532ec19, org.springframework.test.context.support.DependencyInjectionTestExecutionListener@68c4039c, org.springframework.test.context.support.DirtiesContextTestExecutionListener@ae45eb6, org.springframework.test.context.transaction.TransactionalTestExecutionListener@59f99ea, org.springframework.test.context.jdbc.SqlScriptsTestExecutionListener@27efef64]
2017-10-28 23:49:38,580 INFO [org.springframework.beans.factory.xml.XmlBeanDefinitionReader] - Loading XML bean definitions from file [E:\shiro-eclipse\mldnshiro\mldnshiro-ssm-service-member\target\classes\spring\spring-base.xml]
2017-10-28 23:49:39,040 INFO [org.springframework.beans.factory.xml.XmlBeanDefinitionReader] - Loading XML bean definitions from file [E:\shiro-eclipse\mldnshiro\mldnshiro-ssm-service-member\target\classes\spring\spring-datasource.xml]
2017-10-28 23:49:39,189 INFO [org.springframework.beans.factory.xml.XmlBeanDefinitionReader] - Loading XML bean definitions from file [E:\shiro-eclipse\mldnshiro\mldnshiro-ssm-service-member\target\classes\spring\spring-mybatis.xml]
2017-10-28 23:49:39,407 INFO [org.springframework.beans.factory.xml.XmlBeanDefinitionReader] - Loading XML bean definitions from file [E:\shiro-eclipse\mldnshiro\mldnshiro-ssm-service-member\target\classes\spring\spring-transaction.xml]
2017-10-28 23:49:39,589 INFO [org.springframework.context.support.GenericApplicationContext] - Refreshing org.springframework.context.support.GenericApplicationContext@3c0f93f1: startup date [Sat Oct 28 23:49:39 CST 2017]; root of context hierarchy
2017-10-28 23:49:41,764 INFO [com.alibaba.druid.pool.DruidDataSource] - {dataSource-1} inited
2017-10-28 23:49:43,454 DEBUG [cn.mldn.mldnshiro.ssm.dao.IMemberDAO.findById] - ==>  Preparing: select mid,name,password,locked from member where mid=? 
2017-10-28 23:49:43,525 DEBUG [cn.mldn.mldnshiro.ssm.dao.IMemberDAO.findById] - ==> Parameters: mldn(String)
2017-10-28 23:49:43,552 TRACE [cn.mldn.mldnshiro.ssm.dao.IMemberDAO.findById] - <==    Columns: mid, name, password, locked
2017-10-28 23:49:43,552 TRACE [cn.mldn.mldnshiro.ssm.dao.IMemberDAO.findById] - <==        Row: mldn, 普通人, java, 0
2017-10-28 23:49:43,564 DEBUG [cn.mldn.mldnshiro.ssm.dao.IMemberDAO.findById] - <==      Total: 1
2017-10-28 23:49:43,670 INFO [org.springframework.context.support.GenericApplicationContext] - Closing org.springframework.context.support.GenericApplicationContext@3c0f93f1: startup date [Sat Oct 28 23:49:39 CST 2017]; root of context hierarchy
2017-10-28 23:49:43,697 INFO [com.alibaba.druid.pool.DruidDataSource] - {dataSource-1} closed
2017-10-28 23:49:59,258 INFO [org.springframework.test.context.support.DefaultTestContextBootstrapper] - Loaded default TestExecutionListener class names from location [META-INF/spring.factories]: [org.springframework.test.context.web.ServletTestExecutionListener, org.springframework.test.context.support.DirtiesContextBeforeModesTestExecutionListener, org.springframework.test.context.support.DependencyInjectionTestExecutionListener, org.springframework.test.context.support.DirtiesContextTestExecutionListener, org.springframework.test.context.transaction.TransactionalTestExecutionListener, org.springframework.test.context.jdbc.SqlScriptsTestExecutionListener]
2017-10-28 23:49:59,278 INFO [org.springframework.test.context.support.DefaultTestContextBootstrapper] - Could not instantiate TestExecutionListener [org.springframework.test.context.web.ServletTestExecutionListener]. Specify custom listener classes or make the default listener classes (and their required dependencies) available. Offending class: [javax/servlet/ServletContext]
2017-10-28 23:49:59,301 INFO [org.springframework.test.context.support.DefaultTestContextBootstrapper] - Using TestExecutionListeners: [org.springframework.test.context.support.DirtiesContextBeforeModesTestExecutionListener@3532ec19, org.springframework.test.context.support.DependencyInjectionTestExecutionListener@68c4039c, org.springframework.test.context.support.DirtiesContextTestExecutionListener@ae45eb6, org.springframework.test.context.transaction.TransactionalTestExecutionListener@59f99ea, org.springframework.test.context.jdbc.SqlScriptsTestExecutionListener@27efef64]
2017-10-28 23:49:59,540 INFO [org.springframework.beans.factory.xml.XmlBeanDefinitionReader] - Loading XML bean definitions from file [E:\shiro-eclipse\mldnshiro\mldnshiro-ssm-service-member\target\classes\spring\spring-base.xml]
2017-10-28 23:49:59,984 INFO [org.springframework.beans.factory.xml.XmlBeanDefinitionReader] - Loading XML bean definitions from file [E:\shiro-eclipse\mldnshiro\mldnshiro-ssm-service-member\target\classes\spring\spring-datasource.xml]
2017-10-28 23:50:00,100 INFO [org.springframework.beans.factory.xml.XmlBeanDefinitionReader] - Loading XML bean definitions from file [E:\shiro-eclipse\mldnshiro\mldnshiro-ssm-service-member\target\classes\spring\spring-mybatis.xml]
2017-10-28 23:50:00,142 INFO [org.springframework.beans.factory.xml.XmlBeanDefinitionReader] - Loading XML bean definitions from file [E:\shiro-eclipse\mldnshiro\mldnshiro-ssm-service-member\target\classes\spring\spring-transaction.xml]
2017-10-28 23:50:00,255 INFO [org.springframework.context.support.GenericApplicationContext] - Refreshing org.springframework.context.support.GenericApplicationContext@3c0f93f1: startup date [Sat Oct 28 23:50:00 CST 2017]; root of context hierarchy
2017-10-28 23:50:02,154 INFO [com.alibaba.druid.pool.DruidDataSource] - {dataSource-1} inited
2017-10-28 23:50:03,417 DEBUG [cn.mldn.mldnshiro.ssm.dao.IMemberDAO.findById] - ==>  Preparing: select mid,name,password,locked from member where mid=? 
2017-10-28 23:50:03,467 DEBUG [cn.mldn.mldnshiro.ssm.dao.IMemberDAO.findById] - ==> Parameters: mldn(String)
2017-10-28 23:50:03,499 TRACE [cn.mldn.mldnshiro.ssm.dao.IMemberDAO.findById] - <==    Columns: mid, name, password, locked
2017-10-28 23:50:03,499 TRACE [cn.mldn.mldnshiro.ssm.dao.IMemberDAO.findById] - <==        Row: mldn, 普通人, java, 0
2017-10-28 23:50:03,510 DEBUG [cn.mldn.mldnshiro.ssm.dao.IMemberDAO.findById] - <==      Total: 1
2017-10-28 23:50:03,529 INFO [org.springframework.context.support.GenericApplicationContext] - Closing org.springframework.context.support.GenericApplicationContext@3c0f93f1: startup date [Sat Oct 28 23:50:00 CST 2017]; root of context hierarchy
2017-10-28 23:50:03,556 INFO [com.alibaba.druid.pool.DruidDataSource] - {dataSource-1} closed
2017-10-28 23:50:09,933 INFO [org.springframework.test.context.support.DefaultTestContextBootstrapper] - Loaded default TestExecutionListener class names from location [META-INF/spring.factories]: [org.springframework.test.context.web.ServletTestExecutionListener, org.springframework.test.context.support.DirtiesContextBeforeModesTestExecutionListener, org.springframework.test.context.support.DependencyInjectionTestExecutionListener, org.springframework.test.context.support.DirtiesContextTestExecutionListener, org.springframework.test.context.transaction.TransactionalTestExecutionListener, org.springframework.test.context.jdbc.SqlScriptsTestExecutionListener]
2017-10-28 23:50:09,956 INFO [org.springframework.test.context.support.DefaultTestContextBootstrapper] - Could not instantiate TestExecutionListener [org.springframework.test.context.web.ServletTestExecutionListener]. Specify custom listener classes or make the default listener classes (and their required dependencies) available. Offending class: [javax/servlet/ServletContext]
2017-10-28 23:50:09,971 INFO [org.springframework.test.context.support.DefaultTestContextBootstrapper] - Using TestExecutionListeners: [org.springframework.test.context.support.DirtiesContextBeforeModesTestExecutionListener@3532ec19, org.springframework.test.context.support.DependencyInjectionTestExecutionListener@68c4039c, org.springframework.test.context.support.DirtiesContextTestExecutionListener@ae45eb6, org.springframework.test.context.transaction.TransactionalTestExecutionListener@59f99ea, org.springframework.test.context.jdbc.SqlScriptsTestExecutionListener@27efef64]
2017-10-28 23:50:10,153 INFO [org.springframework.beans.factory.xml.XmlBeanDefinitionReader] - Loading XML bean definitions from file [E:\shiro-eclipse\mldnshiro\mldnshiro-ssm-service-member\target\classes\spring\spring-base.xml]
2017-10-28 23:50:10,578 INFO [org.springframework.beans.factory.xml.XmlBeanDefinitionReader] - Loading XML bean definitions from file [E:\shiro-eclipse\mldnshiro\mldnshiro-ssm-service-member\target\classes\spring\spring-datasource.xml]
2017-10-28 23:50:10,738 INFO [org.springframework.beans.factory.xml.XmlBeanDefinitionReader] - Loading XML bean definitions from file [E:\shiro-eclipse\mldnshiro\mldnshiro-ssm-service-member\target\classes\spring\spring-mybatis.xml]
2017-10-28 23:50:10,764 INFO [org.springframework.beans.factory.xml.XmlBeanDefinitionReader] - Loading XML bean definitions from file [E:\shiro-eclipse\mldnshiro\mldnshiro-ssm-service-member\target\classes\spring\spring-transaction.xml]
2017-10-28 23:50:10,870 INFO [org.springframework.context.support.GenericApplicationContext] - Refreshing org.springframework.context.support.GenericApplicationContext@3c0f93f1: startup date [Sat Oct 28 23:50:10 CST 2017]; root of context hierarchy
2017-10-28 23:50:12,578 INFO [com.alibaba.druid.pool.DruidDataSource] - {dataSource-1} inited
2017-10-28 23:50:14,275 DEBUG [cn.mldn.mldnshiro.ssm.dao.IRoleDAO.findAllByMember] - ==>  Preparing: select rid from member_role where mid=? 
2017-10-28 23:50:14,357 DEBUG [cn.mldn.mldnshiro.ssm.dao.IRoleDAO.findAllByMember] - ==> Parameters: mldn(String)
2017-10-28 23:50:14,389 TRACE [cn.mldn.mldnshiro.ssm.dao.IRoleDAO.findAllByMember] - <==    Columns: rid
2017-10-28 23:50:14,390 TRACE [cn.mldn.mldnshiro.ssm.dao.IRoleDAO.findAllByMember] - <==        Row: news
2017-10-28 23:50:14,401 DEBUG [cn.mldn.mldnshiro.ssm.dao.IRoleDAO.findAllByMember] - <==      Total: 1
2017-10-28 23:50:14,418 INFO [org.springframework.context.support.GenericApplicationContext] - Closing org.springframework.context.support.GenericApplicationContext@3c0f93f1: startup date [Sat Oct 28 23:50:10 CST 2017]; root of context hierarchy
2017-10-28 23:50:14,447 INFO [com.alibaba.druid.pool.DruidDataSource] - {dataSource-1} closed
2017-10-28 23:51:45,878 INFO [org.springframework.test.context.support.DefaultTestContextBootstrapper] - Loaded default TestExecutionListener class names from location [META-INF/spring.factories]: [org.springframework.test.context.web.ServletTestExecutionListener, org.springframework.test.context.support.DirtiesContextBeforeModesTestExecutionListener, org.springframework.test.context.support.DependencyInjectionTestExecutionListener, org.springframework.test.context.support.DirtiesContextTestExecutionListener, org.springframework.test.context.transaction.TransactionalTestExecutionListener, org.springframework.test.context.jdbc.SqlScriptsTestExecutionListener]
2017-10-28 23:51:45,900 INFO [org.springframework.test.context.support.DefaultTestContextBootstrapper] - Could not instantiate TestExecutionListener [org.springframework.test.context.web.ServletTestExecutionListener]. Specify custom listener classes or make the default listener classes (and their required dependencies) available. Offending class: [javax/servlet/ServletContext]
2017-10-28 23:51:45,920 INFO [org.springframework.test.context.support.DefaultTestContextBootstrapper] - Using TestExecutionListeners: [org.springframework.test.context.support.DirtiesContextBeforeModesTestExecutionListener@3532ec19, org.springframework.test.context.support.DependencyInjectionTestExecutionListener@68c4039c, org.springframework.test.context.support.DirtiesContextTestExecutionListener@ae45eb6, org.springframework.test.context.transaction.TransactionalTestExecutionListener@59f99ea, org.springframework.test.context.jdbc.SqlScriptsTestExecutionListener@27efef64]
2017-10-28 23:51:46,186 INFO [org.springframework.beans.factory.xml.XmlBeanDefinitionReader] - Loading XML bean definitions from file [E:\shiro-eclipse\mldnshiro\mldnshiro-ssm-service-member\target\classes\spring\spring-base.xml]
2017-10-28 23:51:46,711 INFO [org.springframework.beans.factory.xml.XmlBeanDefinitionReader] - Loading XML bean definitions from file [E:\shiro-eclipse\mldnshiro\mldnshiro-ssm-service-member\target\classes\spring\spring-datasource.xml]
2017-10-28 23:51:46,877 INFO [org.springframework.beans.factory.xml.XmlBeanDefinitionReader] - Loading XML bean definitions from file [E:\shiro-eclipse\mldnshiro\mldnshiro-ssm-service-member\target\classes\spring\spring-mybatis.xml]
2017-10-28 23:51:46,938 INFO [org.springframework.beans.factory.xml.XmlBeanDefinitionReader] - Loading XML bean definitions from file [E:\shiro-eclipse\mldnshiro\mldnshiro-ssm-service-member\target\classes\spring\spring-transaction.xml]
2017-10-28 23:51:47,114 INFO [org.springframework.context.support.GenericApplicationContext] - Refreshing org.springframework.context.support.GenericApplicationContext@3c0f93f1: startup date [Sat Oct 28 23:51:47 CST 2017]; root of context hierarchy
2017-10-28 23:51:49,637 INFO [com.alibaba.druid.pool.DruidDataSource] - {dataSource-1} inited
2017-10-28 23:51:51,343 DEBUG [cn.mldn.mldnshiro.ssm.dao.IRoleDAO.findAllByMember] - ==>  Preparing: select rid from member_role where mid=? 
2017-10-28 23:51:51,423 DEBUG [cn.mldn.mldnshiro.ssm.dao.IRoleDAO.findAllByMember] - ==> Parameters: mldn(String)
2017-10-28 23:51:51,447 TRACE [cn.mldn.mldnshiro.ssm.dao.IRoleDAO.findAllByMember] - <==    Columns: rid
2017-10-28 23:51:51,447 TRACE [cn.mldn.mldnshiro.ssm.dao.IRoleDAO.findAllByMember] - <==        Row: news
2017-10-28 23:51:51,460 DEBUG [cn.mldn.mldnshiro.ssm.dao.IRoleDAO.findAllByMember] - <==      Total: 1
2017-10-28 23:51:51,462 DEBUG [cn.mldn.mldnshiro.ssm.dao.IActionDAO.findAllByMember] - ==>  Preparing: select actid from action where rid in ( select rid from member_role where mid = ?) 
2017-10-28 23:51:51,463 DEBUG [cn.mldn.mldnshiro.ssm.dao.IActionDAO.findAllByMember] - ==> Parameters: mldn(String)
2017-10-28 23:51:51,489 TRACE [cn.mldn.mldnshiro.ssm.dao.IActionDAO.findAllByMember] - <==    Columns: actid
2017-10-28 23:51:51,489 TRACE [cn.mldn.mldnshiro.ssm.dao.IActionDAO.findAllByMember] - <==        Row: news:add
2017-10-28 23:51:51,489 TRACE [cn.mldn.mldnshiro.ssm.dao.IActionDAO.findAllByMember] - <==        Row: news:audit
2017-10-28 23:51:51,489 TRACE [cn.mldn.mldnshiro.ssm.dao.IActionDAO.findAllByMember] - <==        Row: news:edit
2017-10-28 23:51:51,495 TRACE [cn.mldn.mldnshiro.ssm.dao.IActionDAO.findAllByMember] - <==        Row: news:list
2017-10-28 23:51:51,495 DEBUG [cn.mldn.mldnshiro.ssm.dao.IActionDAO.findAllByMember] - <==      Total: 4
2017-10-28 23:51:51,510 INFO [org.springframework.context.support.GenericApplicationContext] - Closing org.springframework.context.support.GenericApplicationContext@3c0f93f1: startup date [Sat Oct 28 23:51:47 CST 2017]; root of context hierarchy
2017-10-28 23:51:51,539 INFO [com.alibaba.druid.pool.DruidDataSource] - {dataSource-1} closed
